[Sun Mar 20 18:32:48.099842 2022] [php:warn] [pid 1944:tid 1932] [client ::1:64800] PHP Warning:  Undefined array key "sold_at" in C:\\xampp\\htdocs\\kisallatok\\app\\models\\Pet.php on line 33, referer: http://localhost:8002/create
[Sun Mar 20 18:32:48.103741 2022] [php:warn] [pid 1944:tid 1932] [client ::1:64800] PHP Warning:  Undefined array key "deleted_at" in C:\\xampp\\htdocs\\kisallatok\\app\\models\\Pet.php on line 36, referer: http://localhost:8002/create
[Sun Mar 20 18:32:48.107648 2022] [php:error] [pid 1944:tid 1932] [client ::1:64800] PHP Fatal error:  Uncaught PDOException: SQLSTATE[23000]: Integrity constraint violation: 1048 Column 'sold_at' cannot be null in C:\\xampp\\htdocs\\kisallatok\\app\\models\\Pet.php:38\nStack trace:\n#0 C:\\xampp\\htdocs\\kisallatok\\app\\models\\Pet.php(38): PDOStatement->execute()\n#1 C:\\xampp\\htdocs\\kisallatok\\app\\controller\\PetsController.php(36): App\\Models\\Pet->insert(Array)\n#2 [internal function]: App\\Controller\\PetsController->store()\n#3 C:\\xampp\\htdocs\\kisallatok\\app\\Router.php(64): call_user_func_array(Array, Array)\n#4 C:\\xampp\\htdocs\\kisallatok\\public\\index.php(37): App\\Router->resolve('/create', 'POST')\n#5 {main}\n  thrown in C:\\xampp\\htdocs\\kisallatok\\app\\models\\Pet.php on line 38, referer: http://localhost:8002/create
[Sun Mar 20 18:50:49.703475 2022] [php:error] [pid 1944:tid 1932] [client ::1:58856] PHP Fatal error:  Uncaught PDOException: SQLSTATE[42000]: Syntax error or access violation: 1064 You have an error in your SQL syntax; check the manual that corresponds to your MariaDB server version for the right syntax to use near 'FROM pets WHERE deleted_at IS NULL' at line 1 in C:\\xampp\\htdocs\\kisallatok\\app\\DB.php:39\nStack trace:\n#0 [internal function]: PDO->query('SELECT type, na...')\n#1 C:\\xampp\\htdocs\\kisallatok\\app\\DB.php(39): call_user_func_array(Array, Array)\n#2 C:\\xampp\\htdocs\\kisallatok\\app\\models\\Pet.php(20): App\\DB->__call('query', Array)\n#3 C:\\xampp\\htdocs\\kisallatok\\app\\controller\\PetsController.php(16): App\\Models\\Pet->all()\n#4 [internal function]: App\\Controller\\PetsController->index()\n#5 C:\\xampp\\htdocs\\kisallatok\\app\\Router.php(64): call_user_func_array(Array, Array)\n#6 C:\\xampp\\htdocs\\kisallatok\\public\\index.php(37): App\\Router->resolve('/', 'GET')\n#7 {main}\n  thrown in C:\\xampp\\htdocs\\kisallatok\\app\\DB.php on line 39, referer: http://localhost:8002/create
[Sun Mar 20 18:52:45.967155 2022] [php:error] [pid 1944:tid 1932] [client ::1:58881] PHP Fatal error:  Uncaught PDOException: SQLSTATE[42000]: Syntax error or access violation: 1064 You have an error in your SQL syntax; check the manual that corresponds to your MariaDB server version for the right syntax to use near 'FROM pets WHERE deleted_at IS NULL' at line 1 in C:\\xampp\\htdocs\\kisallatok\\app\\DB.php:39\nStack trace:\n#0 [internal function]: PDO->query('SELECT type, na...')\n#1 C:\\xampp\\htdocs\\kisallatok\\app\\DB.php(39): call_user_func_array(Array, Array)\n#2 C:\\xampp\\htdocs\\kisallatok\\app\\models\\Pet.php(20): App\\DB->__call('query', Array)\n#3 C:\\xampp\\htdocs\\kisallatok\\app\\controller\\PetsController.php(16): App\\Models\\Pet->all()\n#4 [internal function]: App\\Controller\\PetsController->index()\n#5 C:\\xampp\\htdocs\\kisallatok\\app\\Router.php(64): call_user_func_array(Array, Array)\n#6 C:\\xampp\\htdocs\\kisallatok\\public\\index.php(37): App\\Router->resolve('/', 'GET')\n#7 {main}\n  thrown in C:\\xampp\\htdocs\\kisallatok\\app\\DB.php on line 39
[Sun Mar 20 18:53:10.477181 2022] [php:error] [pid 1944:tid 1932] [client ::1:58883] PHP Fatal error:  Uncaught PDOException: SQLSTATE[42000]: Syntax error or access violation: 1064 You have an error in your SQL syntax; check the manual that corresponds to your MariaDB server version for the right syntax to use near 'FROM pets' at line 1 in C:\\xampp\\htdocs\\kisallatok\\app\\DB.php:39\nStack trace:\n#0 [internal function]: PDO->query('SELECT type, na...')\n#1 C:\\xampp\\htdocs\\kisallatok\\app\\DB.php(39): call_user_func_array(Array, Array)\n#2 C:\\xampp\\htdocs\\kisallatok\\app\\models\\Pet.php(20): App\\DB->__call('query', Array)\n#3 C:\\xampp\\htdocs\\kisallatok\\app\\controller\\PetsController.php(16): App\\Models\\Pet->all()\n#4 [internal function]: App\\Controller\\PetsController->index()\n#5 C:\\xampp\\htdocs\\kisallatok\\app\\Router.php(64): call_user_func_array(Array, Array)\n#6 C:\\xampp\\htdocs\\kisallatok\\public\\index.php(37): App\\Router->resolve('/', 'GET')\n#7 {main}\n  thrown in C:\\xampp\\htdocs\\kisallatok\\app\\DB.php on line 39
[Sun Mar 20 19:16:47.842897 2022] [php:warn] [pid 1944:tid 1932] [client ::1:59013] PHP Warning:  Undefined array key "id" in C:\\xampp\\htdocs\\kisallatok\\resources\\view\\index.view.php on line 32
[Sun Mar 20 19:16:47.843841 2022] [php:warn] [pid 1944:tid 1932] [client ::1:59013] PHP Warning:  Undefined array key "id" in C:\\xampp\\htdocs\\kisallatok\\resources\\view\\index.view.php on line 33
[Sun Mar 20 19:16:47.843841 2022] [php:warn] [pid 1944:tid 1932] [client ::1:59013] PHP Warning:  Undefined array key "id" in C:\\xampp\\htdocs\\kisallatok\\resources\\view\\index.view.php on line 32
[Sun Mar 20 19:16:47.844886 2022] [php:warn] [pid 1944:tid 1932] [client ::1:59013] PHP Warning:  Undefined array key "id" in C:\\xampp\\htdocs\\kisallatok\\resources\\view\\index.view.php on line 33
[Sun Mar 20 19:16:47.845104 2022] [php:warn] [pid 1944:tid 1932] [client ::1:59013] PHP Warning:  Undefined array key "id" in C:\\xampp\\htdocs\\kisallatok\\resources\\view\\index.view.php on line 32
[Sun Mar 20 19:16:47.845104 2022] [php:warn] [pid 1944:tid 1932] [client ::1:59013] PHP Warning:  Undefined array key "id" in C:\\xampp\\htdocs\\kisallatok\\resources\\view\\index.view.php on line 33
[Sun Mar 20 19:16:47.845881 2022] [php:warn] [pid 1944:tid 1932] [client ::1:59013] PHP Warning:  Undefined array key "id" in C:\\xampp\\htdocs\\kisallatok\\resources\\view\\index.view.php on line 32
[Sun Mar 20 19:16:47.845881 2022] [php:warn] [pid 1944:tid 1932] [client ::1:59013] PHP Warning:  Undefined array key "id" in C:\\xampp\\htdocs\\kisallatok\\resources\\view\\index.view.php on line 33
[Sun Mar 20 19:16:47.845881 2022] [php:warn] [pid 1944:tid 1932] [client ::1:59013] PHP Warning:  Undefined array key "id" in C:\\xampp\\htdocs\\kisallatok\\resources\\view\\index.view.php on line 32
[Sun Mar 20 19:16:47.845881 2022] [php:warn] [pid 1944:tid 1932] [client ::1:59013] PHP Warning:  Undefined array key "id" in C:\\xampp\\htdocs\\kisallatok\\resources\\view\\index.view.php on line 33
[Sun Mar 20 19:19:07.498654 2022] [php:warn] [pid 1944:tid 1932] [client ::1:59016] PHP Warning:  Undefined array key "id" in C:\\xampp\\htdocs\\kisallatok\\resources\\view\\index.view.php on line 32
[Sun Mar 20 19:19:07.499651 2022] [php:warn] [pid 1944:tid 1932] [client ::1:59016] PHP Warning:  Undefined array key "id" in C:\\xampp\\htdocs\\kisallatok\\resources\\view\\index.view.php on line 33
[Sun Mar 20 19:19:07.499651 2022] [php:warn] [pid 1944:tid 1932] [client ::1:59016] PHP Warning:  Undefined array key "id" in C:\\xampp\\htdocs\\kisallatok\\resources\\view\\index.view.php on line 32
[Sun Mar 20 19:19:07.499651 2022] [php:warn] [pid 1944:tid 1932] [client ::1:59016] PHP Warning:  Undefined array key "id" in C:\\xampp\\htdocs\\kisallatok\\resources\\view\\index.view.php on line 33
[Sun Mar 20 19:19:07.499651 2022] [php:warn] [pid 1944:tid 1932] [client ::1:59016] PHP Warning:  Undefined array key "id" in C:\\xampp\\htdocs\\kisallatok\\resources\\view\\index.view.php on line 32
[Sun Mar 20 19:19:07.500648 2022] [php:warn] [pid 1944:tid 1932] [client ::1:59016] PHP Warning:  Undefined array key "id" in C:\\xampp\\htdocs\\kisallatok\\resources\\view\\index.view.php on line 33
[Sun Mar 20 19:19:07.500648 2022] [php:warn] [pid 1944:tid 1932] [client ::1:59016] PHP Warning:  Undefined array key "id" in C:\\xampp\\htdocs\\kisallatok\\resources\\view\\index.view.php on line 32
[Sun Mar 20 19:19:07.500648 2022] [php:warn] [pid 1944:tid 1932] [client ::1:59016] PHP Warning:  Undefined array key "id" in C:\\xampp\\htdocs\\kisallatok\\resources\\view\\index.view.php on line 33
[Sun Mar 20 19:19:07.500648 2022] [php:warn] [pid 1944:tid 1932] [client ::1:59016] PHP Warning:  Undefined array key "id" in C:\\xampp\\htdocs\\kisallatok\\resources\\view\\index.view.php on line 32
[Sun Mar 20 19:19:07.501645 2022] [php:warn] [pid 1944:tid 1932] [client ::1:59016] PHP Warning:  Undefined array key "id" in C:\\xampp\\htdocs\\kisallatok\\resources\\view\\index.view.php on line 33
[Sun Mar 20 19:19:11.755378 2022] [php:warn] [pid 1944:tid 1932] [client ::1:59016] PHP Warning:  Undefined array key "id" in C:\\xampp\\htdocs\\kisallatok\\resources\\view\\index.view.php on line 32
[Sun Mar 20 19:19:11.755378 2022] [php:warn] [pid 1944:tid 1932] [client ::1:59016] PHP Warning:  Undefined array key "id" in C:\\xampp\\htdocs\\kisallatok\\resources\\view\\index.view.php on line 33
[Sun Mar 20 19:19:11.755787 2022] [php:warn] [pid 1944:tid 1932] [client ::1:59016] PHP Warning:  Undefined array key "id" in C:\\xampp\\htdocs\\kisallatok\\resources\\view\\index.view.php on line 32
[Sun Mar 20 19:19:11.756334 2022] [php:warn] [pid 1944:tid 1932] [client ::1:59016] PHP Warning:  Undefined array key "id" in C:\\xampp\\htdocs\\kisallatok\\resources\\view\\index.view.php on line 33
[Sun Mar 20 19:19:11.756334 2022] [php:warn] [pid 1944:tid 1932] [client ::1:59016] PHP Warning:  Undefined array key "id" in C:\\xampp\\htdocs\\kisallatok\\resources\\view\\index.view.php on line 32
[Sun Mar 20 19:19:11.756334 2022] [php:warn] [pid 1944:tid 1932] [client ::1:59016] PHP Warning:  Undefined array key "id" in C:\\xampp\\htdocs\\kisallatok\\resources\\view\\index.view.php on line 33
[Sun Mar 20 19:19:11.757333 2022] [php:warn] [pid 1944:tid 1932] [client ::1:59016] PHP Warning:  Undefined array key "id" in C:\\xampp\\htdocs\\kisallatok\\resources\\view\\index.view.php on line 32
[Sun Mar 20 19:19:11.757333 2022] [php:warn] [pid 1944:tid 1932] [client ::1:59016] PHP Warning:  Undefined array key "id" in C:\\xampp\\htdocs\\kisallatok\\resources\\view\\index.view.php on line 33
[Sun Mar 20 19:19:11.757333 2022] [php:warn] [pid 1944:tid 1932] [client ::1:59016] PHP Warning:  Undefined array key "id" in C:\\xampp\\htdocs\\kisallatok\\resources\\view\\index.view.php on line 32
[Sun Mar 20 19:19:11.758464 2022] [php:warn] [pid 1944:tid 1932] [client ::1:59016] PHP Warning:  Undefined array key "id" in C:\\xampp\\htdocs\\kisallatok\\resources\\view\\index.view.php on line 33
[Sun Mar 20 19:19:16.615616 2022] [php:warn] [pid 1944:tid 1932] [client ::1:59016] PHP Warning:  Undefined array key "id" in C:\\xampp\\htdocs\\kisallatok\\resources\\view\\index.view.php on line 32
[Sun Mar 20 19:19:16.615616 2022] [php:warn] [pid 1944:tid 1932] [client ::1:59016] PHP Warning:  Undefined array key "id" in C:\\xampp\\htdocs\\kisallatok\\resources\\view\\index.view.php on line 33
[Sun Mar 20 19:19:16.615616 2022] [php:warn] [pid 1944:tid 1932] [client ::1:59016] PHP Warning:  Undefined array key "id" in C:\\xampp\\htdocs\\kisallatok\\resources\\view\\index.view.php on line 32
[Sun Mar 20 19:19:16.616612 2022] [php:warn] [pid 1944:tid 1932] [client ::1:59016] PHP Warning:  Undefined array key "id" in C:\\xampp\\htdocs\\kisallatok\\resources\\view\\index.view.php on line 33
[Sun Mar 20 19:19:16.616612 2022] [php:warn] [pid 1944:tid 1932] [client ::1:59016] PHP Warning:  Undefined array key "id" in C:\\xampp\\htdocs\\kisallatok\\resources\\view\\index.view.php on line 32
[Sun Mar 20 19:19:16.616612 2022] [php:warn] [pid 1944:tid 1932] [client ::1:59016] PHP Warning:  Undefined array key "id" in C:\\xampp\\htdocs\\kisallatok\\resources\\view\\index.view.php on line 33
[Sun Mar 20 19:19:16.616612 2022] [php:warn] [pid 1944:tid 1932] [client ::1:59016] PHP Warning:  Undefined array key "id" in C:\\xampp\\htdocs\\kisallatok\\resources\\view\\index.view.php on line 32
[Sun Mar 20 19:19:16.616612 2022] [php:warn] [pid 1944:tid 1932] [client ::1:59016] PHP Warning:  Undefined array key "id" in C:\\xampp\\htdocs\\kisallatok\\resources\\view\\index.view.php on line 33
[Sun Mar 20 19:19:16.617662 2022] [php:warn] [pid 1944:tid 1932] [client ::1:59016] PHP Warning:  Undefined array key "id" in C:\\xampp\\htdocs\\kisallatok\\resources\\view\\index.view.php on line 32
[Sun Mar 20 19:19:16.617662 2022] [php:warn] [pid 1944:tid 1932] [client ::1:59016] PHP Warning:  Undefined array key "id" in C:\\xampp\\htdocs\\kisallatok\\resources\\view\\index.view.php on line 33
[Sun Mar 20 19:43:34.877202 2022] [php:warn] [pid 1944:tid 1932] [client ::1:59108] PHP Warning:  Undefined array key "id" in C:\\xampp\\htdocs\\kisallatok\\resources\\view\\index.view.php on line 32
[Sun Mar 20 19:43:34.878206 2022] [php:warn] [pid 1944:tid 1932] [client ::1:59108] PHP Warning:  Undefined array key "id" in C:\\xampp\\htdocs\\kisallatok\\resources\\view\\index.view.php on line 33
[Sun Mar 20 19:43:34.878206 2022] [php:warn] [pid 1944:tid 1932] [client ::1:59108] PHP Warning:  Undefined array key "id" in C:\\xampp\\htdocs\\kisallatok\\resources\\view\\index.view.php on line 32
[Sun Mar 20 19:43:34.878206 2022] [php:warn] [pid 1944:tid 1932] [client ::1:59108] PHP Warning:  Undefined array key "id" in C:\\xampp\\htdocs\\kisallatok\\resources\\view\\index.view.php on line 33
[Sun Mar 20 19:43:34.879157 2022] [php:warn] [pid 1944:tid 1932] [client ::1:59108] PHP Warning:  Undefined array key "id" in C:\\xampp\\htdocs\\kisallatok\\resources\\view\\index.view.php on line 32
[Sun Mar 20 19:43:34.879157 2022] [php:warn] [pid 1944:tid 1932] [client ::1:59108] PHP Warning:  Undefined array key "id" in C:\\xampp\\htdocs\\kisallatok\\resources\\view\\index.view.php on line 33
[Sun Mar 20 19:43:34.879157 2022] [php:warn] [pid 1944:tid 1932] [client ::1:59108] PHP Warning:  Undefined array key "id" in C:\\xampp\\htdocs\\kisallatok\\resources\\view\\index.view.php on line 32
[Sun Mar 20 19:43:34.879157 2022] [php:warn] [pid 1944:tid 1932] [client ::1:59108] PHP Warning:  Undefined array key "id" in C:\\xampp\\htdocs\\kisallatok\\resources\\view\\index.view.php on line 33
[Sun Mar 20 19:43:34.879157 2022] [php:warn] [pid 1944:tid 1932] [client ::1:59108] PHP Warning:  Undefined array key "id" in C:\\xampp\\htdocs\\kisallatok\\resources\\view\\index.view.php on line 32
[Sun Mar 20 19:43:34.880200 2022] [php:warn] [pid 1944:tid 1932] [client ::1:59108] PHP Warning:  Undefined array key "id" in C:\\xampp\\htdocs\\kisallatok\\resources\\view\\index.view.php on line 33
[Sun Mar 20 19:55:30.227622 2022] [php:warn] [pid 1944:tid 1932] [client ::1:59118] PHP Warning:  Undefined array key "id" in C:\\xampp\\htdocs\\kisallatok\\resources\\view\\index.view.php on line 32
[Sun Mar 20 19:55:30.227622 2022] [php:warn] [pid 1944:tid 1932] [client ::1:59118] PHP Warning:  Undefined array key "id" in C:\\xampp\\htdocs\\kisallatok\\resources\\view\\index.view.php on line 33
[Sun Mar 20 19:55:30.227622 2022] [php:warn] [pid 1944:tid 1932] [client ::1:59118] PHP Warning:  Undefined array key "id" in C:\\xampp\\htdocs\\kisallatok\\resources\\view\\index.view.php on line 32
[Sun Mar 20 19:55:30.228619 2022] [php:warn] [pid 1944:tid 1932] [client ::1:59118] PHP Warning:  Undefined array key "id" in C:\\xampp\\htdocs\\kisallatok\\resources\\view\\index.view.php on line 33
[Sun Mar 20 19:55:30.228619 2022] [php:warn] [pid 1944:tid 1932] [client ::1:59118] PHP Warning:  Undefined array key "id" in C:\\xampp\\htdocs\\kisallatok\\resources\\view\\index.view.php on line 32
[Sun Mar 20 19:55:30.228619 2022] [php:warn] [pid 1944:tid 1932] [client ::1:59118] PHP Warning:  Undefined array key "id" in C:\\xampp\\htdocs\\kisallatok\\resources\\view\\index.view.php on line 33
[Sun Mar 20 19:55:30.228619 2022] [php:warn] [pid 1944:tid 1932] [client ::1:59118] PHP Warning:  Undefined array key "id" in C:\\xampp\\htdocs\\kisallatok\\resources\\view\\index.view.php on line 32
[Sun Mar 20 19:55:30.229614 2022] [php:warn] [pid 1944:tid 1932] [client ::1:59118] PHP Warning:  Undefined array key "id" in C:\\xampp\\htdocs\\kisallatok\\resources\\view\\index.view.php on line 33
[Sun Mar 20 19:55:30.229614 2022] [php:warn] [pid 1944:tid 1932] [client ::1:59118] PHP Warning:  Undefined array key "id" in C:\\xampp\\htdocs\\kisallatok\\resources\\view\\index.view.php on line 32
[Sun Mar 20 19:55:30.229614 2022] [php:warn] [pid 1944:tid 1932] [client ::1:59118] PHP Warning:  Undefined array key "id" in C:\\xampp\\htdocs\\kisallatok\\resources\\view\\index.view.php on line 33
[Sun Mar 20 19:55:32.274393 2022] [php:warn] [pid 1944:tid 1932] [client ::1:59118] PHP Warning:  Undefined array key "id" in C:\\xampp\\htdocs\\kisallatok\\resources\\view\\index.view.php on line 32
[Sun Mar 20 19:55:32.275483 2022] [php:warn] [pid 1944:tid 1932] [client ::1:59118] PHP Warning:  Undefined array key "id" in C:\\xampp\\htdocs\\kisallatok\\resources\\view\\index.view.php on line 33
[Sun Mar 20 19:55:32.276006 2022] [php:warn] [pid 1944:tid 1932] [client ::1:59118] PHP Warning:  Undefined array key "id" in C:\\xampp\\htdocs\\kisallatok\\resources\\view\\index.view.php on line 32
[Sun Mar 20 19:55:32.276387 2022] [php:warn] [pid 1944:tid 1932] [client ::1:59118] PHP Warning:  Undefined array key "id" in C:\\xampp\\htdocs\\kisallatok\\resources\\view\\index.view.php on line 33
[Sun Mar 20 19:55:32.276387 2022] [php:warn] [pid 1944:tid 1932] [client ::1:59118] PHP Warning:  Undefined array key "id" in C:\\xampp\\htdocs\\kisallatok\\resources\\view\\index.view.php on line 32
[Sun Mar 20 19:55:32.276387 2022] [php:warn] [pid 1944:tid 1932] [client ::1:59118] PHP Warning:  Undefined array key "id" in C:\\xampp\\htdocs\\kisallatok\\resources\\view\\index.view.php on line 33
[Sun Mar 20 19:55:32.276387 2022] [php:warn] [pid 1944:tid 1932] [client ::1:59118] PHP Warning:  Undefined array key "id" in C:\\xampp\\htdocs\\kisallatok\\resources\\view\\index.view.php on line 32
[Sun Mar 20 19:55:32.277429 2022] [php:warn] [pid 1944:tid 1932] [client ::1:59118] PHP Warning:  Undefined array key "id" in C:\\xampp\\htdocs\\kisallatok\\resources\\view\\index.view.php on line 33
[Sun Mar 20 19:55:32.277429 2022] [php:warn] [pid 1944:tid 1932] [client ::1:59118] PHP Warning:  Undefined array key "id" in C:\\xampp\\htdocs\\kisallatok\\resources\\view\\index.view.php on line 32
[Sun Mar 20 19:55:32.277429 2022] [php:warn] [pid 1944:tid 1932] [client ::1:59118] PHP Warning:  Undefined array key "id" in C:\\xampp\\htdocs\\kisallatok\\resources\\view\\index.view.php on line 33
[Sun Mar 20 19:57:44.933109 2022] [php:warn] [pid 1944:tid 1932] [client ::1:59121] PHP Warning:  Undefined array key "id" in C:\\xampp\\htdocs\\kisallatok\\resources\\view\\index.view.php on line 32
[Sun Mar 20 19:57:44.934137 2022] [php:warn] [pid 1944:tid 1932] [client ::1:59121] PHP Warning:  Undefined array key "id" in C:\\xampp\\htdocs\\kisallatok\\resources\\view\\index.view.php on line 33
[Sun Mar 20 19:57:44.934137 2022] [php:warn] [pid 1944:tid 1932] [client ::1:59121] PHP Warning:  Undefined array key "id" in C:\\xampp\\htdocs\\kisallatok\\resources\\view\\index.view.php on line 32
[Sun Mar 20 19:57:44.934137 2022] [php:warn] [pid 1944:tid 1932] [client ::1:59121] PHP Warning:  Undefined array key "id" in C:\\xampp\\htdocs\\kisallatok\\resources\\view\\index.view.php on line 33
[Sun Mar 20 19:57:44.934137 2022] [php:warn] [pid 1944:tid 1932] [client ::1:59121] PHP Warning:  Undefined array key "id" in C:\\xampp\\htdocs\\kisallatok\\resources\\view\\index.view.php on line 32
[Sun Mar 20 19:57:44.934137 2022] [php:warn] [pid 1944:tid 1932] [client ::1:59121] PHP Warning:  Undefined array key "id" in C:\\xampp\\htdocs\\kisallatok\\resources\\view\\index.view.php on line 33
[Sun Mar 20 19:57:44.934137 2022] [php:warn] [pid 1944:tid 1932] [client ::1:59121] PHP Warning:  Undefined array key "id" in C:\\xampp\\htdocs\\kisallatok\\resources\\view\\index.view.php on line 32
[Sun Mar 20 19:57:44.934137 2022] [php:warn] [pid 1944:tid 1932] [client ::1:59121] PHP Warning:  Undefined array key "id" in C:\\xampp\\htdocs\\kisallatok\\resources\\view\\index.view.php on line 33
[Sun Mar 20 19:57:44.935279 2022] [php:warn] [pid 1944:tid 1932] [client ::1:59121] PHP Warning:  Undefined array key "id" in C:\\xampp\\htdocs\\kisallatok\\resources\\view\\index.view.php on line 32
[Sun Mar 20 19:57:44.935279 2022] [php:warn] [pid 1944:tid 1932] [client ::1:59121] PHP Warning:  Undefined array key "id" in C:\\xampp\\htdocs\\kisallatok\\resources\\view\\index.view.php on line 33
[Sun Mar 20 19:57:49.975031 2022] [php:warn] [pid 1944:tid 1932] [client ::1:59121] PHP Warning:  Undefined array key "id" in C:\\xampp\\htdocs\\kisallatok\\resources\\view\\index.view.php on line 32
[Sun Mar 20 19:57:49.975031 2022] [php:warn] [pid 1944:tid 1932] [client ::1:59121] PHP Warning:  Undefined array key "id" in C:\\xampp\\htdocs\\kisallatok\\resources\\view\\index.view.php on line 33
[Sun Mar 20 19:57:49.975739 2022] [php:warn] [pid 1944:tid 1932] [client ::1:59121] PHP Warning:  Undefined array key "id" in C:\\xampp\\htdocs\\kisallatok\\resources\\view\\index.view.php on line 32
[Sun Mar 20 19:57:49.975739 2022] [php:warn] [pid 1944:tid 1932] [client ::1:59121] PHP Warning:  Undefined array key "id" in C:\\xampp\\htdocs\\kisallatok\\resources\\view\\index.view.php on line 33
[Sun Mar 20 19:57:49.976684 2022] [php:warn] [pid 1944:tid 1932] [client ::1:59121] PHP Warning:  Undefined array key "id" in C:\\xampp\\htdocs\\kisallatok\\resources\\view\\index.view.php on line 32
[Sun Mar 20 19:57:49.976684 2022] [php:warn] [pid 1944:tid 1932] [client ::1:59121] PHP Warning:  Undefined array key "id" in C:\\xampp\\htdocs\\kisallatok\\resources\\view\\index.view.php on line 33
[Sun Mar 20 19:57:49.976684 2022] [php:warn] [pid 1944:tid 1932] [client ::1:59121] PHP Warning:  Undefined array key "id" in C:\\xampp\\htdocs\\kisallatok\\resources\\view\\index.view.php on line 32
[Sun Mar 20 19:57:49.976684 2022] [php:warn] [pid 1944:tid 1932] [client ::1:59121] PHP Warning:  Undefined array key "id" in C:\\xampp\\htdocs\\kisallatok\\resources\\view\\index.view.php on line 33
[Sun Mar 20 19:57:49.976684 2022] [php:warn] [pid 1944:tid 1932] [client ::1:59121] PHP Warning:  Undefined array key "id" in C:\\xampp\\htdocs\\kisallatok\\resources\\view\\index.view.php on line 32
[Sun Mar 20 19:57:49.977726 2022] [php:warn] [pid 1944:tid 1932] [client ::1:59121] PHP Warning:  Undefined array key "id" in C:\\xampp\\htdocs\\kisallatok\\resources\\view\\index.view.php on line 33
[Sun Mar 20 19:59:16.423406 2022] [php:warn] [pid 1944:tid 1932] [client ::1:59124] PHP Warning:  Undefined array key "id" in C:\\xampp\\htdocs\\kisallatok\\resources\\view\\index.view.php on line 32
[Sun Mar 20 19:59:16.424403 2022] [php:warn] [pid 1944:tid 1932] [client ::1:59124] PHP Warning:  Undefined array key "id" in C:\\xampp\\htdocs\\kisallatok\\resources\\view\\index.view.php on line 33
[Sun Mar 20 19:59:16.424403 2022] [php:warn] [pid 1944:tid 1932] [client ::1:59124] PHP Warning:  Undefined array key "id" in C:\\xampp\\htdocs\\kisallatok\\resources\\view\\index.view.php on line 32
[Sun Mar 20 19:59:16.424403 2022] [php:warn] [pid 1944:tid 1932] [client ::1:59124] PHP Warning:  Undefined array key "id" in C:\\xampp\\htdocs\\kisallatok\\resources\\view\\index.view.php on line 33
[Sun Mar 20 19:59:16.424403 2022] [php:warn] [pid 1944:tid 1932] [client ::1:59124] PHP Warning:  Undefined array key "id" in C:\\xampp\\htdocs\\kisallatok\\resources\\view\\index.view.php on line 32
[Sun Mar 20 19:59:16.425400 2022] [php:warn] [pid 1944:tid 1932] [client ::1:59124] PHP Warning:  Undefined array key "id" in C:\\xampp\\htdocs\\kisallatok\\resources\\view\\index.view.php on line 33
[Sun Mar 20 19:59:16.425400 2022] [php:warn] [pid 1944:tid 1932] [client ::1:59124] PHP Warning:  Undefined array key "id" in C:\\xampp\\htdocs\\kisallatok\\resources\\view\\index.view.php on line 32
[Sun Mar 20 19:59:16.425400 2022] [php:warn] [pid 1944:tid 1932] [client ::1:59124] PHP Warning:  Undefined array key "id" in C:\\xampp\\htdocs\\kisallatok\\resources\\view\\index.view.php on line 33
[Sun Mar 20 19:59:16.425400 2022] [php:warn] [pid 1944:tid 1932] [client ::1:59124] PHP Warning:  Undefined array key "id" in C:\\xampp\\htdocs\\kisallatok\\resources\\view\\index.view.php on line 32
[Sun Mar 20 19:59:16.425400 2022] [php:warn] [pid 1944:tid 1932] [client ::1:59124] PHP Warning:  Undefined array key "id" in C:\\xampp\\htdocs\\kisallatok\\resources\\view\\index.view.php on line 33
[Sun Mar 20 19:59:28.258258 2022] [php:warn] [pid 1944:tid 1932] [client ::1:59126] PHP Warning:  Undefined array key "id" in C:\\xampp\\htdocs\\kisallatok\\resources\\view\\index.view.php on line 32
[Sun Mar 20 19:59:28.258258 2022] [php:warn] [pid 1944:tid 1932] [client ::1:59126] PHP Warning:  Undefined array key "id" in C:\\xampp\\htdocs\\kisallatok\\resources\\view\\index.view.php on line 33
[Sun Mar 20 19:59:28.258258 2022] [php:warn] [pid 1944:tid 1932] [client ::1:59126] PHP Warning:  Undefined array key "id" in C:\\xampp\\htdocs\\kisallatok\\resources\\view\\index.view.php on line 32
[Sun Mar 20 19:59:28.258258 2022] [php:warn] [pid 1944:tid 1932] [client ::1:59126] PHP Warning:  Undefined array key "id" in C:\\xampp\\htdocs\\kisallatok\\resources\\view\\index.view.php on line 33
[Sun Mar 20 19:59:28.259255 2022] [php:warn] [pid 1944:tid 1932] [client ::1:59126] PHP Warning:  Undefined array key "id" in C:\\xampp\\htdocs\\kisallatok\\resources\\view\\index.view.php on line 32
[Sun Mar 20 19:59:28.259255 2022] [php:warn] [pid 1944:tid 1932] [client ::1:59126] PHP Warning:  Undefined array key "id" in C:\\xampp\\htdocs\\kisallatok\\resources\\view\\index.view.php on line 33
[Sun Mar 20 19:59:28.259255 2022] [php:warn] [pid 1944:tid 1932] [client ::1:59126] PHP Warning:  Undefined array key "id" in C:\\xampp\\htdocs\\kisallatok\\resources\\view\\index.view.php on line 32
[Sun Mar 20 19:59:28.259255 2022] [php:warn] [pid 1944:tid 1932] [client ::1:59126] PHP Warning:  Undefined array key "id" in C:\\xampp\\htdocs\\kisallatok\\resources\\view\\index.view.php on line 33
[Sun Mar 20 19:59:28.260263 2022] [php:warn] [pid 1944:tid 1932] [client ::1:59126] PHP Warning:  Undefined array key "id" in C:\\xampp\\htdocs\\kisallatok\\resources\\view\\index.view.php on line 32
[Sun Mar 20 19:59:28.260537 2022] [php:warn] [pid 1944:tid 1932] [client ::1:59126] PHP Warning:  Undefined array key "id" in C:\\xampp\\htdocs\\kisallatok\\resources\\view\\index.view.php on line 33
[Sun Mar 20 20:04:23.434376 2022] [php:warn] [pid 1944:tid 1932] [client ::1:59130] PHP Warning:  Undefined array key "id" in C:\\xampp\\htdocs\\kisallatok\\resources\\view\\index.view.php on line 32
[Sun Mar 20 20:04:23.434376 2022] [php:warn] [pid 1944:tid 1932] [client ::1:59130] PHP Warning:  Undefined array key "id" in C:\\xampp\\htdocs\\kisallatok\\resources\\view\\index.view.php on line 33
[Sun Mar 20 20:04:23.434376 2022] [php:warn] [pid 1944:tid 1932] [client ::1:59130] PHP Warning:  Undefined array key "id" in C:\\xampp\\htdocs\\kisallatok\\resources\\view\\index.view.php on line 32
[Sun Mar 20 20:04:23.434376 2022] [php:warn] [pid 1944:tid 1932] [client ::1:59130] PHP Warning:  Undefined array key "id" in C:\\xampp\\htdocs\\kisallatok\\resources\\view\\index.view.php on line 33
[Sun Mar 20 20:04:23.435372 2022] [php:warn] [pid 1944:tid 1932] [client ::1:59130] PHP Warning:  Undefined array key "id" in C:\\xampp\\htdocs\\kisallatok\\resources\\view\\index.view.php on line 32
[Sun Mar 20 20:04:23.435372 2022] [php:warn] [pid 1944:tid 1932] [client ::1:59130] PHP Warning:  Undefined array key "id" in C:\\xampp\\htdocs\\kisallatok\\resources\\view\\index.view.php on line 33
[Sun Mar 20 20:04:23.435372 2022] [php:warn] [pid 1944:tid 1932] [client ::1:59130] PHP Warning:  Undefined array key "id" in C:\\xampp\\htdocs\\kisallatok\\resources\\view\\index.view.php on line 32
[Sun Mar 20 20:04:23.435372 2022] [php:warn] [pid 1944:tid 1932] [client ::1:59130] PHP Warning:  Undefined array key "id" in C:\\xampp\\htdocs\\kisallatok\\resources\\view\\index.view.php on line 33
[Sun Mar 20 20:04:23.436372 2022] [php:warn] [pid 1944:tid 1932] [client ::1:59130] PHP Warning:  Undefined array key "id" in C:\\xampp\\htdocs\\kisallatok\\resources\\view\\index.view.php on line 32
[Sun Mar 20 20:04:23.436372 2022] [php:warn] [pid 1944:tid 1932] [client ::1:59130] PHP Warning:  Undefined array key "id" in C:\\xampp\\htdocs\\kisallatok\\resources\\view\\index.view.php on line 33
[Sun Mar 20 20:04:27.492384 2022] [php:warn] [pid 1944:tid 1932] [client ::1:59130] PHP Warning:  Undefined array key "id" in C:\\xampp\\htdocs\\kisallatok\\resources\\view\\index.view.php on line 32
[Sun Mar 20 20:04:27.493429 2022] [php:warn] [pid 1944:tid 1932] [client ::1:59130] PHP Warning:  Undefined array key "id" in C:\\xampp\\htdocs\\kisallatok\\resources\\view\\index.view.php on line 33
[Sun Mar 20 20:04:27.493429 2022] [php:warn] [pid 1944:tid 1932] [client ::1:59130] PHP Warning:  Undefined array key "id" in C:\\xampp\\htdocs\\kisallatok\\resources\\view\\index.view.php on line 32
[Sun Mar 20 20:04:27.493429 2022] [php:warn] [pid 1944:tid 1932] [client ::1:59130] PHP Warning:  Undefined array key "id" in C:\\xampp\\htdocs\\kisallatok\\resources\\view\\index.view.php on line 33
[Sun Mar 20 20:04:27.494425 2022] [php:warn] [pid 1944:tid 1932] [client ::1:59130] PHP Warning:  Undefined array key "id" in C:\\xampp\\htdocs\\kisallatok\\resources\\view\\index.view.php on line 32
[Sun Mar 20 20:04:27.494425 2022] [php:warn] [pid 1944:tid 1932] [client ::1:59130] PHP Warning:  Undefined array key "id" in C:\\xampp\\htdocs\\kisallatok\\resources\\view\\index.view.php on line 33
[Sun Mar 20 20:04:27.494425 2022] [php:warn] [pid 1944:tid 1932] [client ::1:59130] PHP Warning:  Undefined array key "id" in C:\\xampp\\htdocs\\kisallatok\\resources\\view\\index.view.php on line 32
[Sun Mar 20 20:04:27.495424 2022] [php:warn] [pid 1944:tid 1932] [client ::1:59130] PHP Warning:  Undefined array key "id" in C:\\xampp\\htdocs\\kisallatok\\resources\\view\\index.view.php on line 33
[Sun Mar 20 20:04:27.495424 2022] [php:warn] [pid 1944:tid 1932] [client ::1:59130] PHP Warning:  Undefined array key "id" in C:\\xampp\\htdocs\\kisallatok\\resources\\view\\index.view.php on line 32
[Sun Mar 20 20:04:27.495424 2022] [php:warn] [pid 1944:tid 1932] [client ::1:59130] PHP Warning:  Undefined array key "id" in C:\\xampp\\htdocs\\kisallatok\\resources\\view\\index.view.php on line 33
[Sun Mar 20 20:07:12.653155 2022] [php:warn] [pid 1944:tid 1932] [client ::1:59134] PHP Warning:  Undefined array key "id" in C:\\xampp\\htdocs\\kisallatok\\resources\\view\\index.view.php on line 32
[Sun Mar 20 20:07:12.653155 2022] [php:warn] [pid 1944:tid 1932] [client ::1:59134] PHP Warning:  Undefined array key "id" in C:\\xampp\\htdocs\\kisallatok\\resources\\view\\index.view.php on line 33
[Sun Mar 20 20:07:12.653155 2022] [php:warn] [pid 1944:tid 1932] [client ::1:59134] PHP Warning:  Undefined array key "id" in C:\\xampp\\htdocs\\kisallatok\\resources\\view\\index.view.php on line 32
[Sun Mar 20 20:07:12.654159 2022] [php:warn] [pid 1944:tid 1932] [client ::1:59134] PHP Warning:  Undefined array key "id" in C:\\xampp\\htdocs\\kisallatok\\resources\\view\\index.view.php on line 33
[Sun Mar 20 20:07:12.654159 2022] [php:warn] [pid 1944:tid 1932] [client ::1:59134] PHP Warning:  Undefined array key "id" in C:\\xampp\\htdocs\\kisallatok\\resources\\view\\index.view.php on line 32
[Sun Mar 20 20:07:12.654159 2022] [php:warn] [pid 1944:tid 1932] [client ::1:59134] PHP Warning:  Undefined array key "id" in C:\\xampp\\htdocs\\kisallatok\\resources\\view\\index.view.php on line 33
[Sun Mar 20 20:07:12.654159 2022] [php:warn] [pid 1944:tid 1932] [client ::1:59134] PHP Warning:  Undefined array key "id" in C:\\xampp\\htdocs\\kisallatok\\resources\\view\\index.view.php on line 32
[Sun Mar 20 20:07:12.654159 2022] [php:warn] [pid 1944:tid 1932] [client ::1:59134] PHP Warning:  Undefined array key "id" in C:\\xampp\\htdocs\\kisallatok\\resources\\view\\index.view.php on line 33
[Sun Mar 20 20:07:12.654159 2022] [php:warn] [pid 1944:tid 1932] [client ::1:59134] PHP Warning:  Undefined array key "id" in C:\\xampp\\htdocs\\kisallatok\\resources\\view\\index.view.php on line 32
[Sun Mar 20 20:07:12.654159 2022] [php:warn] [pid 1944:tid 1932] [client ::1:59134] PHP Warning:  Undefined array key "id" in C:\\xampp\\htdocs\\kisallatok\\resources\\view\\index.view.php on line 33
[Sun Mar 20 20:13:54.051723 2022] [php:warn] [pid 1944:tid 1932] [client ::1:59155] PHP Warning:  Undefined array key "id" in C:\\xampp\\htdocs\\kisallatok\\resources\\view\\index.view.php on line 32
[Sun Mar 20 20:13:54.052670 2022] [php:warn] [pid 1944:tid 1932] [client ::1:59155] PHP Warning:  Undefined array key "id" in C:\\xampp\\htdocs\\kisallatok\\resources\\view\\index.view.php on line 33
[Sun Mar 20 20:13:54.052670 2022] [php:warn] [pid 1944:tid 1932] [client ::1:59155] PHP Warning:  Undefined array key "id" in C:\\xampp\\htdocs\\kisallatok\\resources\\view\\index.view.php on line 32
[Sun Mar 20 20:13:54.052670 2022] [php:warn] [pid 1944:tid 1932] [client ::1:59155] PHP Warning:  Undefined array key "id" in C:\\xampp\\htdocs\\kisallatok\\resources\\view\\index.view.php on line 33
[Sun Mar 20 20:13:54.053671 2022] [php:warn] [pid 1944:tid 1932] [client ::1:59155] PHP Warning:  Undefined array key "id" in C:\\xampp\\htdocs\\kisallatok\\resources\\view\\index.view.php on line 32
[Sun Mar 20 20:13:54.053671 2022] [php:warn] [pid 1944:tid 1932] [client ::1:59155] PHP Warning:  Undefined array key "id" in C:\\xampp\\htdocs\\kisallatok\\resources\\view\\index.view.php on line 33
[Sun Mar 20 20:13:54.054055 2022] [php:warn] [pid 1944:tid 1932] [client ::1:59155] PHP Warning:  Undefined array key "id" in C:\\xampp\\htdocs\\kisallatok\\resources\\view\\index.view.php on line 32
[Sun Mar 20 20:13:54.054681 2022] [php:warn] [pid 1944:tid 1932] [client ::1:59155] PHP Warning:  Undefined array key "id" in C:\\xampp\\htdocs\\kisallatok\\resources\\view\\index.view.php on line 33
[Sun Mar 20 20:13:54.054681 2022] [php:warn] [pid 1944:tid 1932] [client ::1:59155] PHP Warning:  Undefined array key "id" in C:\\xampp\\htdocs\\kisallatok\\resources\\view\\index.view.php on line 32
[Sun Mar 20 20:13:54.054681 2022] [php:warn] [pid 1944:tid 1932] [client ::1:59155] PHP Warning:  Undefined array key "id" in C:\\xampp\\htdocs\\kisallatok\\resources\\view\\index.view.php on line 33
[Sun Mar 20 20:14:03.206818 2022] [php:warn] [pid 1944:tid 1932] [client ::1:59157] PHP Warning:  Undefined array key "id" in C:\\xampp\\htdocs\\kisallatok\\resources\\view\\index.view.php on line 32
[Sun Mar 20 20:14:03.206818 2022] [php:warn] [pid 1944:tid 1932] [client ::1:59157] PHP Warning:  Undefined array key "id" in C:\\xampp\\htdocs\\kisallatok\\resources\\view\\index.view.php on line 33
[Sun Mar 20 20:14:03.207807 2022] [php:warn] [pid 1944:tid 1932] [client ::1:59157] PHP Warning:  Undefined array key "id" in C:\\xampp\\htdocs\\kisallatok\\resources\\view\\index.view.php on line 32
[Sun Mar 20 20:14:03.207807 2022] [php:warn] [pid 1944:tid 1932] [client ::1:59157] PHP Warning:  Undefined array key "id" in C:\\xampp\\htdocs\\kisallatok\\resources\\view\\index.view.php on line 33
[Sun Mar 20 20:14:03.207807 2022] [php:warn] [pid 1944:tid 1932] [client ::1:59157] PHP Warning:  Undefined array key "id" in C:\\xampp\\htdocs\\kisallatok\\resources\\view\\index.view.php on line 32
[Sun Mar 20 20:14:03.208792 2022] [php:warn] [pid 1944:tid 1932] [client ::1:59157] PHP Warning:  Undefined array key "id" in C:\\xampp\\htdocs\\kisallatok\\resources\\view\\index.view.php on line 33
[Sun Mar 20 20:14:03.208792 2022] [php:warn] [pid 1944:tid 1932] [client ::1:59157] PHP Warning:  Undefined array key "id" in C:\\xampp\\htdocs\\kisallatok\\resources\\view\\index.view.php on line 32
[Sun Mar 20 20:14:03.208792 2022] [php:warn] [pid 1944:tid 1932] [client ::1:59157] PHP Warning:  Undefined array key "id" in C:\\xampp\\htdocs\\kisallatok\\resources\\view\\index.view.php on line 33
[Sun Mar 20 20:14:03.209790 2022] [php:warn] [pid 1944:tid 1932] [client ::1:59157] PHP Warning:  Undefined array key "id" in C:\\xampp\\htdocs\\kisallatok\\resources\\view\\index.view.php on line 32
[Sun Mar 20 20:14:03.209790 2022] [php:warn] [pid 1944:tid 1932] [client ::1:59157] PHP Warning:  Undefined array key "id" in C:\\xampp\\htdocs\\kisallatok\\resources\\view\\index.view.php on line 33
[Sun Mar 20 20:15:26.916805 2022] [php:warn] [pid 1944:tid 1932] [client ::1:59160] PHP Warning:  Undefined array key "id" in C:\\xampp\\htdocs\\kisallatok\\resources\\view\\index.view.php on line 32
[Sun Mar 20 20:15:26.917367 2022] [php:warn] [pid 1944:tid 1932] [client ::1:59160] PHP Warning:  Undefined array key "id" in C:\\xampp\\htdocs\\kisallatok\\resources\\view\\index.view.php on line 33
[Sun Mar 20 20:15:26.917367 2022] [php:warn] [pid 1944:tid 1932] [client ::1:59160] PHP Warning:  Undefined array key "id" in C:\\xampp\\htdocs\\kisallatok\\resources\\view\\index.view.php on line 32
[Sun Mar 20 20:15:26.917367 2022] [php:warn] [pid 1944:tid 1932] [client ::1:59160] PHP Warning:  Undefined array key "id" in C:\\xampp\\htdocs\\kisallatok\\resources\\view\\index.view.php on line 33
[Sun Mar 20 20:15:26.918362 2022] [php:warn] [pid 1944:tid 1932] [client ::1:59160] PHP Warning:  Undefined array key "id" in C:\\xampp\\htdocs\\kisallatok\\resources\\view\\index.view.php on line 32
[Sun Mar 20 20:15:26.918362 2022] [php:warn] [pid 1944:tid 1932] [client ::1:59160] PHP Warning:  Undefined array key "id" in C:\\xampp\\htdocs\\kisallatok\\resources\\view\\index.view.php on line 33
[Sun Mar 20 20:15:26.918362 2022] [php:warn] [pid 1944:tid 1932] [client ::1:59160] PHP Warning:  Undefined array key "id" in C:\\xampp\\htdocs\\kisallatok\\resources\\view\\index.view.php on line 32
[Sun Mar 20 20:15:26.918362 2022] [php:warn] [pid 1944:tid 1932] [client ::1:59160] PHP Warning:  Undefined array key "id" in C:\\xampp\\htdocs\\kisallatok\\resources\\view\\index.view.php on line 33
[Sun Mar 20 20:15:26.919360 2022] [php:warn] [pid 1944:tid 1932] [client ::1:59160] PHP Warning:  Undefined array key "id" in C:\\xampp\\htdocs\\kisallatok\\resources\\view\\index.view.php on line 32
[Sun Mar 20 20:15:26.919360 2022] [php:warn] [pid 1944:tid 1932] [client ::1:59160] PHP Warning:  Undefined array key "id" in C:\\xampp\\htdocs\\kisallatok\\resources\\view\\index.view.php on line 33
[Sun Mar 20 20:18:05.797925 2022] [php:warn] [pid 1944:tid 1932] [client ::1:59163] PHP Warning:  Undefined array key "id" in C:\\xampp\\htdocs\\kisallatok\\resources\\view\\index.view.php on line 32
[Sun Mar 20 20:18:05.797925 2022] [php:warn] [pid 1944:tid 1932] [client ::1:59163] PHP Warning:  Undefined array key "id" in C:\\xampp\\htdocs\\kisallatok\\resources\\view\\index.view.php on line 32
[Sun Mar 20 20:18:05.798921 2022] [php:warn] [pid 1944:tid 1932] [client ::1:59163] PHP Warning:  Undefined array key "id" in C:\\xampp\\htdocs\\kisallatok\\resources\\view\\index.view.php on line 32
[Sun Mar 20 20:18:05.798921 2022] [php:warn] [pid 1944:tid 1932] [client ::1:59163] PHP Warning:  Undefined array key "id" in C:\\xampp\\htdocs\\kisallatok\\resources\\view\\index.view.php on line 32
[Sun Mar 20 20:18:05.798921 2022] [php:warn] [pid 1944:tid 1932] [client ::1:59163] PHP Warning:  Undefined array key "id" in C:\\xampp\\htdocs\\kisallatok\\resources\\view\\index.view.php on line 32
[Sun Mar 20 20:21:13.687944 2022] [php:warn] [pid 1944:tid 1932] [client ::1:59168] PHP Warning:  Undefined array key "id" in C:\\xampp\\htdocs\\kisallatok\\resources\\view\\index.view.php on line 32
[Sun Mar 20 20:21:13.687944 2022] [php:warn] [pid 1944:tid 1932] [client ::1:59168] PHP Warning:  Undefined array key "id" in C:\\xampp\\htdocs\\kisallatok\\resources\\view\\index.view.php on line 32
[Sun Mar 20 20:21:13.688860 2022] [php:warn] [pid 1944:tid 1932] [client ::1:59168] PHP Warning:  Undefined array key "id" in C:\\xampp\\htdocs\\kisallatok\\resources\\view\\index.view.php on line 32
[Sun Mar 20 20:21:13.688860 2022] [php:warn] [pid 1944:tid 1932] [client ::1:59168] PHP Warning:  Undefined array key "id" in C:\\xampp\\htdocs\\kisallatok\\resources\\view\\index.view.php on line 32
[Sun Mar 20 20:21:13.688860 2022] [php:warn] [pid 1944:tid 1932] [client ::1:59168] PHP Warning:  Undefined array key "id" in C:\\xampp\\htdocs\\kisallatok\\resources\\view\\index.view.php on line 32
[Sun Mar 20 20:25:46.408647 2022] [php:warn] [pid 1944:tid 1932] [client ::1:59172] PHP Warning:  Undefined array key "id" in C:\\xampp\\htdocs\\kisallatok\\resources\\view\\index.view.php on line 32
[Sun Mar 20 20:25:46.409766 2022] [php:warn] [pid 1944:tid 1932] [client ::1:59172] PHP Warning:  Undefined array key "id" in C:\\xampp\\htdocs\\kisallatok\\resources\\view\\index.view.php on line 32
[Sun Mar 20 20:25:46.409766 2022] [php:warn] [pid 1944:tid 1932] [client ::1:59172] PHP Warning:  Undefined array key "id" in C:\\xampp\\htdocs\\kisallatok\\resources\\view\\index.view.php on line 32
[Sun Mar 20 20:25:46.409766 2022] [php:warn] [pid 1944:tid 1932] [client ::1:59172] PHP Warning:  Undefined array key "id" in C:\\xampp\\htdocs\\kisallatok\\resources\\view\\index.view.php on line 32
[Sun Mar 20 20:25:46.409766 2022] [php:warn] [pid 1944:tid 1932] [client ::1:59172] PHP Warning:  Undefined array key "id" in C:\\xampp\\htdocs\\kisallatok\\resources\\view\\index.view.php on line 32
[Sun Mar 20 20:27:32.047321 2022] [php:warn] [pid 1944:tid 1932] [client ::1:59179] PHP Warning:  Undefined array key "id" in C:\\xampp\\htdocs\\kisallatok\\resources\\view\\index.view.php on line 32
[Sun Mar 20 20:27:32.047321 2022] [php:warn] [pid 1944:tid 1932] [client ::1:59179] PHP Warning:  Undefined array key "id" in C:\\xampp\\htdocs\\kisallatok\\resources\\view\\index.view.php on line 32
[Sun Mar 20 20:27:32.047321 2022] [php:warn] [pid 1944:tid 1932] [client ::1:59179] PHP Warning:  Undefined array key "id" in C:\\xampp\\htdocs\\kisallatok\\resources\\view\\index.view.php on line 32
[Sun Mar 20 20:27:32.048320 2022] [php:warn] [pid 1944:tid 1932] [client ::1:59179] PHP Warning:  Undefined array key "id" in C:\\xampp\\htdocs\\kisallatok\\resources\\view\\index.view.php on line 32
[Sun Mar 20 20:27:32.048320 2022] [php:warn] [pid 1944:tid 1932] [client ::1:59179] PHP Warning:  Undefined array key "id" in C:\\xampp\\htdocs\\kisallatok\\resources\\view\\index.view.php on line 32
[Sun Mar 20 20:31:08.791502 2022] [php:warn] [pid 1944:tid 1932] [client ::1:59187] PHP Warning:  Undefined array key "id" in C:\\xampp\\htdocs\\kisallatok\\resources\\view\\index.view.php on line 32
[Sun Mar 20 20:31:08.791502 2022] [php:warn] [pid 1944:tid 1932] [client ::1:59187] PHP Warning:  Undefined array key "id" in C:\\xampp\\htdocs\\kisallatok\\resources\\view\\index.view.php on line 32
[Sun Mar 20 20:31:08.791502 2022] [php:warn] [pid 1944:tid 1932] [client ::1:59187] PHP Warning:  Undefined array key "id" in C:\\xampp\\htdocs\\kisallatok\\resources\\view\\index.view.php on line 32
[Sun Mar 20 20:31:08.791502 2022] [php:warn] [pid 1944:tid 1932] [client ::1:59187] PHP Warning:  Undefined array key "id" in C:\\xampp\\htdocs\\kisallatok\\resources\\view\\index.view.php on line 32
[Sun Mar 20 20:31:08.792495 2022] [php:warn] [pid 1944:tid 1932] [client ::1:59187] PHP Warning:  Undefined array key "id" in C:\\xampp\\htdocs\\kisallatok\\resources\\view\\index.view.php on line 32
[Sun Mar 20 20:31:11.582310 2022] [php:warn] [pid 1944:tid 1932] [client ::1:59187] PHP Warning:  Undefined array key "id" in C:\\xampp\\htdocs\\kisallatok\\resources\\view\\index.view.php on line 32
[Sun Mar 20 20:31:11.582310 2022] [php:warn] [pid 1944:tid 1932] [client ::1:59187] PHP Warning:  Undefined array key "id" in C:\\xampp\\htdocs\\kisallatok\\resources\\view\\index.view.php on line 32
[Sun Mar 20 20:31:11.583353 2022] [php:warn] [pid 1944:tid 1932] [client ::1:59187] PHP Warning:  Undefined array key "id" in C:\\xampp\\htdocs\\kisallatok\\resources\\view\\index.view.php on line 32
[Sun Mar 20 20:31:11.583353 2022] [php:warn] [pid 1944:tid 1932] [client ::1:59187] PHP Warning:  Undefined array key "id" in C:\\xampp\\htdocs\\kisallatok\\resources\\view\\index.view.php on line 32
[Sun Mar 20 20:31:11.583353 2022] [php:warn] [pid 1944:tid 1932] [client ::1:59187] PHP Warning:  Undefined array key "id" in C:\\xampp\\htdocs\\kisallatok\\resources\\view\\index.view.php on line 32
[Sun Mar 20 21:50:53.743124 2022] [php:warn] [pid 5732:tid 2008] [client ::1:59357] PHP Warning:  Undefined array key "id" in C:\\xampp\\htdocs\\kisallatok\\resources\\view\\index.view.php on line 32
[Sun Mar 20 21:50:53.744167 2022] [php:warn] [pid 5732:tid 2008] [client ::1:59357] PHP Warning:  Undefined array key "id" in C:\\xampp\\htdocs\\kisallatok\\resources\\view\\index.view.php on line 32
[Sun Mar 20 21:50:53.744334 2022] [php:warn] [pid 5732:tid 2008] [client ::1:59357] PHP Warning:  Undefined array key "id" in C:\\xampp\\htdocs\\kisallatok\\resources\\view\\index.view.php on line 32
[Sun Mar 20 21:50:53.745335 2022] [php:warn] [pid 5732:tid 2008] [client ::1:59357] PHP Warning:  Undefined array key "id" in C:\\xampp\\htdocs\\kisallatok\\resources\\view\\index.view.php on line 32
[Sun Mar 20 21:50:53.745335 2022] [php:warn] [pid 5732:tid 2008] [client ::1:59357] PHP Warning:  Undefined array key "id" in C:\\xampp\\htdocs\\kisallatok\\resources\\view\\index.view.php on line 32
[Sun Mar 20 21:51:15.040396 2022] [php:warn] [pid 5732:tid 2008] [client ::1:59360] PHP Warning:  Undefined array key "id" in C:\\xampp\\htdocs\\kisallatok\\resources\\view\\index.view.php on line 32
[Sun Mar 20 21:51:15.041405 2022] [php:warn] [pid 5732:tid 2008] [client ::1:59360] PHP Warning:  Undefined array key "id" in C:\\xampp\\htdocs\\kisallatok\\resources\\view\\index.view.php on line 32
[Sun Mar 20 21:51:15.041405 2022] [php:warn] [pid 5732:tid 2008] [client ::1:59360] PHP Warning:  Undefined array key "id" in C:\\xampp\\htdocs\\kisallatok\\resources\\view\\index.view.php on line 32
[Sun Mar 20 21:51:15.041405 2022] [php:warn] [pid 5732:tid 2008] [client ::1:59360] PHP Warning:  Undefined array key "id" in C:\\xampp\\htdocs\\kisallatok\\resources\\view\\index.view.php on line 32
[Sun Mar 20 21:51:15.041405 2022] [php:warn] [pid 5732:tid 2008] [client ::1:59360] PHP Warning:  Undefined array key "id" in C:\\xampp\\htdocs\\kisallatok\\resources\\view\\index.view.php on line 32
[Sun Mar 20 21:51:28.113744 2022] [php:warn] [pid 5732:tid 2008] [client ::1:59362] PHP Warning:  Undefined array key "id" in C:\\xampp\\htdocs\\kisallatok\\resources\\view\\index.view.php on line 32
[Sun Mar 20 21:51:28.114738 2022] [php:warn] [pid 5732:tid 2008] [client ::1:59362] PHP Warning:  Undefined array key "id" in C:\\xampp\\htdocs\\kisallatok\\resources\\view\\index.view.php on line 32
[Sun Mar 20 21:51:28.114738 2022] [php:warn] [pid 5732:tid 2008] [client ::1:59362] PHP Warning:  Undefined array key "id" in C:\\xampp\\htdocs\\kisallatok\\resources\\view\\index.view.php on line 32
[Sun Mar 20 21:51:28.114738 2022] [php:warn] [pid 5732:tid 2008] [client ::1:59362] PHP Warning:  Undefined array key "id" in C:\\xampp\\htdocs\\kisallatok\\resources\\view\\index.view.php on line 32
[Sun Mar 20 21:51:28.114738 2022] [php:warn] [pid 5732:tid 2008] [client ::1:59362] PHP Warning:  Undefined array key "id" in C:\\xampp\\htdocs\\kisallatok\\resources\\view\\index.view.php on line 32
[Sun Mar 20 22:09:54.567217 2022] [php:warn] [pid 5732:tid 2008] [client ::1:62542] PHP Warning:  Undefined array key "id" in C:\\xampp\\htdocs\\kisallatok\\resources\\view\\index.view.php on line 33
[Sun Mar 20 22:09:54.567217 2022] [php:warn] [pid 5732:tid 2008] [client ::1:62542] PHP Warning:  Undefined array key "id" in C:\\xampp\\htdocs\\kisallatok\\resources\\view\\index.view.php on line 33
[Sun Mar 20 22:09:54.567217 2022] [php:warn] [pid 5732:tid 2008] [client ::1:62542] PHP Warning:  Undefined array key "id" in C:\\xampp\\htdocs\\kisallatok\\resources\\view\\index.view.php on line 33
[Sun Mar 20 22:09:54.567217 2022] [php:warn] [pid 5732:tid 2008] [client ::1:62542] PHP Warning:  Undefined array key "id" in C:\\xampp\\htdocs\\kisallatok\\resources\\view\\index.view.php on line 33
[Sun Mar 20 22:09:54.568215 2022] [php:warn] [pid 5732:tid 2008] [client ::1:62542] PHP Warning:  Undefined array key "id" in C:\\xampp\\htdocs\\kisallatok\\resources\\view\\index.view.php on line 33
[Sun Mar 20 22:10:10.679734 2022] [php:warn] [pid 5732:tid 2008] [client ::1:62548] PHP Warning:  Undefined array key "id" in C:\\xampp\\htdocs\\kisallatok\\resources\\view\\index.view.php on line 33
[Sun Mar 20 22:10:10.679734 2022] [php:warn] [pid 5732:tid 2008] [client ::1:62548] PHP Warning:  Undefined array key "id" in C:\\xampp\\htdocs\\kisallatok\\resources\\view\\index.view.php on line 33
[Sun Mar 20 22:10:10.679734 2022] [php:warn] [pid 5732:tid 2008] [client ::1:62548] PHP Warning:  Undefined array key "id" in C:\\xampp\\htdocs\\kisallatok\\resources\\view\\index.view.php on line 33
[Sun Mar 20 22:10:10.680764 2022] [php:warn] [pid 5732:tid 2008] [client ::1:62548] PHP Warning:  Undefined array key "id" in C:\\xampp\\htdocs\\kisallatok\\resources\\view\\index.view.php on line 33
[Sun Mar 20 22:10:10.680764 2022] [php:warn] [pid 5732:tid 2008] [client ::1:62548] PHP Warning:  Undefined array key "id" in C:\\xampp\\htdocs\\kisallatok\\resources\\view\\index.view.php on line 33
[Sun Mar 20 22:10:49.484502 2022] [php:warn] [pid 5732:tid 2008] [client ::1:62551] PHP Warning:  Undefined array key "id" in C:\\xampp\\htdocs\\kisallatok\\resources\\view\\index.view.php on line 33
[Sun Mar 20 22:10:49.485544 2022] [php:warn] [pid 5732:tid 2008] [client ::1:62551] PHP Warning:  Undefined array key "id" in C:\\xampp\\htdocs\\kisallatok\\resources\\view\\index.view.php on line 33
[Sun Mar 20 22:10:49.485544 2022] [php:warn] [pid 5732:tid 2008] [client ::1:62551] PHP Warning:  Undefined array key "id" in C:\\xampp\\htdocs\\kisallatok\\resources\\view\\index.view.php on line 33
[Sun Mar 20 22:10:49.485544 2022] [php:warn] [pid 5732:tid 2008] [client ::1:62551] PHP Warning:  Undefined array key "id" in C:\\xampp\\htdocs\\kisallatok\\resources\\view\\index.view.php on line 33
[Sun Mar 20 22:10:49.485544 2022] [php:warn] [pid 5732:tid 2008] [client ::1:62551] PHP Warning:  Undefined array key "id" in C:\\xampp\\htdocs\\kisallatok\\resources\\view\\index.view.php on line 33
[Sun Mar 20 22:15:59.839971 2022] [php:warn] [pid 5732:tid 2008] [client ::1:62554] PHP Warning:  Undefined array key "id" in C:\\xampp\\htdocs\\kisallatok\\resources\\view\\index.view.php on line 32
[Sun Mar 20 22:15:59.839971 2022] [php:warn] [pid 5732:tid 2008] [client ::1:62554] PHP Warning:  Undefined array key "id" in C:\\xampp\\htdocs\\kisallatok\\resources\\view\\index.view.php on line 32
[Sun Mar 20 22:15:59.841024 2022] [php:warn] [pid 5732:tid 2008] [client ::1:62554] PHP Warning:  Undefined array key "id" in C:\\xampp\\htdocs\\kisallatok\\resources\\view\\index.view.php on line 32
[Sun Mar 20 22:15:59.841679 2022] [php:warn] [pid 5732:tid 2008] [client ::1:62554] PHP Warning:  Undefined array key "id" in C:\\xampp\\htdocs\\kisallatok\\resources\\view\\index.view.php on line 32
[Sun Mar 20 22:15:59.841679 2022] [php:warn] [pid 5732:tid 2008] [client ::1:62554] PHP Warning:  Undefined array key "id" in C:\\xampp\\htdocs\\kisallatok\\resources\\view\\index.view.php on line 32
[Sun Mar 20 22:27:14.699805 2022] [php:warn] [pid 5732:tid 2008] [client ::1:62558] PHP Warning:  Undefined array key "id" in C:\\xampp\\htdocs\\kisallatok\\resources\\view\\index.view.php on line 32
[Sun Mar 20 22:27:14.699805 2022] [php:warn] [pid 5732:tid 2008] [client ::1:62558] PHP Warning:  Undefined array key "id" in C:\\xampp\\htdocs\\kisallatok\\resources\\view\\index.view.php on line 32
[Sun Mar 20 22:27:14.699805 2022] [php:warn] [pid 5732:tid 2008] [client ::1:62558] PHP Warning:  Undefined array key "id" in C:\\xampp\\htdocs\\kisallatok\\resources\\view\\index.view.php on line 32
[Sun Mar 20 22:27:14.699805 2022] [php:warn] [pid 5732:tid 2008] [client ::1:62558] PHP Warning:  Undefined array key "id" in C:\\xampp\\htdocs\\kisallatok\\resources\\view\\index.view.php on line 32
[Sun Mar 20 22:27:14.699805 2022] [php:warn] [pid 5732:tid 2008] [client ::1:62558] PHP Warning:  Undefined array key "id" in C:\\xampp\\htdocs\\kisallatok\\resources\\view\\index.view.php on line 32
[Sun Mar 20 22:27:22.729952 2022] [php:warn] [pid 5732:tid 2008] [client ::1:62560] PHP Warning:  Undefined array key "id" in C:\\xampp\\htdocs\\kisallatok\\resources\\view\\index.view.php on line 32
[Sun Mar 20 22:27:22.729952 2022] [php:warn] [pid 5732:tid 2008] [client ::1:62560] PHP Warning:  Undefined array key "id" in C:\\xampp\\htdocs\\kisallatok\\resources\\view\\index.view.php on line 32
[Sun Mar 20 22:27:22.730995 2022] [php:warn] [pid 5732:tid 2008] [client ::1:62560] PHP Warning:  Undefined array key "id" in C:\\xampp\\htdocs\\kisallatok\\resources\\view\\index.view.php on line 32
[Sun Mar 20 22:27:22.731343 2022] [php:warn] [pid 5732:tid 2008] [client ::1:62560] PHP Warning:  Undefined array key "id" in C:\\xampp\\htdocs\\kisallatok\\resources\\view\\index.view.php on line 32
[Sun Mar 20 22:27:22.731343 2022] [php:warn] [pid 5732:tid 2008] [client ::1:62560] PHP Warning:  Undefined array key "id" in C:\\xampp\\htdocs\\kisallatok\\resources\\view\\index.view.php on line 32
[Sun Mar 20 22:27:26.652102 2022] [php:warn] [pid 5732:tid 2008] [client ::1:62560] PHP Warning:  Undefined array key "id" in C:\\xampp\\htdocs\\kisallatok\\resources\\view\\index.view.php on line 32
[Sun Mar 20 22:27:26.653018 2022] [php:warn] [pid 5732:tid 2008] [client ::1:62560] PHP Warning:  Undefined array key "id" in C:\\xampp\\htdocs\\kisallatok\\resources\\view\\index.view.php on line 32
[Sun Mar 20 22:27:26.653018 2022] [php:warn] [pid 5732:tid 2008] [client ::1:62560] PHP Warning:  Undefined array key "id" in C:\\xampp\\htdocs\\kisallatok\\resources\\view\\index.view.php on line 32
[Sun Mar 20 22:27:26.654016 2022] [php:warn] [pid 5732:tid 2008] [client ::1:62560] PHP Warning:  Undefined array key "id" in C:\\xampp\\htdocs\\kisallatok\\resources\\view\\index.view.php on line 32
[Sun Mar 20 22:27:26.654016 2022] [php:warn] [pid 5732:tid 2008] [client ::1:62560] PHP Warning:  Undefined array key "id" in C:\\xampp\\htdocs\\kisallatok\\resources\\view\\index.view.php on line 32
[Sun Mar 20 22:28:32.924879 2022] [php:warn] [pid 5732:tid 2008] [client ::1:62564] PHP Warning:  Undefined array key "id" in C:\\xampp\\htdocs\\kisallatok\\resources\\view\\index.view.php on line 32
[Sun Mar 20 22:28:32.925054 2022] [php:warn] [pid 5732:tid 2008] [client ::1:62564] PHP Warning:  Undefined array key "id" in C:\\xampp\\htdocs\\kisallatok\\resources\\view\\index.view.php on line 32
[Sun Mar 20 22:28:32.925054 2022] [php:warn] [pid 5732:tid 2008] [client ::1:62564] PHP Warning:  Undefined array key "id" in C:\\xampp\\htdocs\\kisallatok\\resources\\view\\index.view.php on line 32
[Sun Mar 20 22:28:32.925054 2022] [php:warn] [pid 5732:tid 2008] [client ::1:62564] PHP Warning:  Undefined array key "id" in C:\\xampp\\htdocs\\kisallatok\\resources\\view\\index.view.php on line 32
[Sun Mar 20 22:28:32.926098 2022] [php:warn] [pid 5732:tid 2008] [client ::1:62564] PHP Warning:  Undefined array key "id" in C:\\xampp\\htdocs\\kisallatok\\resources\\view\\index.view.php on line 32
[Sun Mar 20 22:28:51.879505 2022] [php:warn] [pid 5732:tid 2008] [client ::1:62566] PHP Warning:  Undefined array key "id" in C:\\xampp\\htdocs\\kisallatok\\resources\\view\\index.view.php on line 32
[Sun Mar 20 22:28:51.879505 2022] [php:warn] [pid 5732:tid 2008] [client ::1:62566] PHP Warning:  Undefined array key "id" in C:\\xampp\\htdocs\\kisallatok\\resources\\view\\index.view.php on line 32
[Sun Mar 20 22:28:51.880504 2022] [php:warn] [pid 5732:tid 2008] [client ::1:62566] PHP Warning:  Undefined array key "id" in C:\\xampp\\htdocs\\kisallatok\\resources\\view\\index.view.php on line 32
[Sun Mar 20 22:28:51.880504 2022] [php:warn] [pid 5732:tid 2008] [client ::1:62566] PHP Warning:  Undefined array key "id" in C:\\xampp\\htdocs\\kisallatok\\resources\\view\\index.view.php on line 32
[Sun Mar 20 22:28:51.880504 2022] [php:warn] [pid 5732:tid 2008] [client ::1:62566] PHP Warning:  Undefined array key "id" in C:\\xampp\\htdocs\\kisallatok\\resources\\view\\index.view.php on line 32
[Sun Mar 20 22:34:49.158266 2022] [php:warn] [pid 5732:tid 2008] [client ::1:62598] PHP Warning:  Undefined array key "id" in C:\\xampp\\htdocs\\kisallatok\\resources\\view\\index.view.php on line 32
[Sun Mar 20 22:34:49.158266 2022] [php:warn] [pid 5732:tid 2008] [client ::1:62598] PHP Warning:  Undefined array key "id" in C:\\xampp\\htdocs\\kisallatok\\resources\\view\\index.view.php on line 32
[Sun Mar 20 22:34:49.158266 2022] [php:warn] [pid 5732:tid 2008] [client ::1:62598] PHP Warning:  Undefined array key "id" in C:\\xampp\\htdocs\\kisallatok\\resources\\view\\index.view.php on line 32
[Sun Mar 20 22:34:49.158266 2022] [php:warn] [pid 5732:tid 2008] [client ::1:62598] PHP Warning:  Undefined array key "id" in C:\\xampp\\htdocs\\kisallatok\\resources\\view\\index.view.php on line 32
[Sun Mar 20 22:34:49.158266 2022] [php:warn] [pid 5732:tid 2008] [client ::1:62598] PHP Warning:  Undefined array key "id" in C:\\xampp\\htdocs\\kisallatok\\resources\\view\\index.view.php on line 32
[Sun Mar 20 22:40:25.327967 2022] [php:warn] [pid 5732:tid 2008] [client ::1:62612] PHP Warning:  Undefined array key "id" in C:\\xampp\\htdocs\\kisallatok\\resources\\view\\index.view.php on line 32
[Sun Mar 20 22:40:25.327967 2022] [php:warn] [pid 5732:tid 2008] [client ::1:62612] PHP Warning:  Undefined array key "id" in C:\\xampp\\htdocs\\kisallatok\\resources\\view\\index.view.php on line 32
[Sun Mar 20 22:40:25.329370 2022] [php:warn] [pid 5732:tid 2008] [client ::1:62612] PHP Warning:  Undefined array key "id" in C:\\xampp\\htdocs\\kisallatok\\resources\\view\\index.view.php on line 32
[Sun Mar 20 22:40:25.329370 2022] [php:warn] [pid 5732:tid 2008] [client ::1:62612] PHP Warning:  Undefined array key "id" in C:\\xampp\\htdocs\\kisallatok\\resources\\view\\index.view.php on line 32
[Sun Mar 20 22:40:25.329370 2022] [php:warn] [pid 5732:tid 2008] [client ::1:62612] PHP Warning:  Undefined array key "id" in C:\\xampp\\htdocs\\kisallatok\\resources\\view\\index.view.php on line 32
[Sun Mar 20 22:40:32.234607 2022] [php:warn] [pid 5732:tid 2008] [client ::1:62614] PHP Warning:  Undefined array key "id" in C:\\xampp\\htdocs\\kisallatok\\resources\\view\\index.view.php on line 32
[Sun Mar 20 22:40:32.234607 2022] [php:warn] [pid 5732:tid 2008] [client ::1:62614] PHP Warning:  Undefined array key "id" in C:\\xampp\\htdocs\\kisallatok\\resources\\view\\index.view.php on line 32
[Sun Mar 20 22:40:32.234607 2022] [php:warn] [pid 5732:tid 2008] [client ::1:62614] PHP Warning:  Undefined array key "id" in C:\\xampp\\htdocs\\kisallatok\\resources\\view\\index.view.php on line 32
[Sun Mar 20 22:40:32.234607 2022] [php:warn] [pid 5732:tid 2008] [client ::1:62614] PHP Warning:  Undefined array key "id" in C:\\xampp\\htdocs\\kisallatok\\resources\\view\\index.view.php on line 32
[Sun Mar 20 22:40:32.234607 2022] [php:warn] [pid 5732:tid 2008] [client ::1:62614] PHP Warning:  Undefined array key "id" in C:\\xampp\\htdocs\\kisallatok\\resources\\view\\index.view.php on line 32
[Sun Mar 20 22:42:47.844181 2022] [php:warn] [pid 5732:tid 2008] [client ::1:62619] PHP Warning:  Undefined array key "id" in C:\\xampp\\htdocs\\kisallatok\\resources\\view\\index.view.php on line 30
[Sun Mar 20 22:42:47.845116 2022] [php:warn] [pid 5732:tid 2008] [client ::1:62619] PHP Warning:  Undefined array key "id" in C:\\xampp\\htdocs\\kisallatok\\resources\\view\\index.view.php on line 34
[Sun Mar 20 22:42:47.845116 2022] [php:warn] [pid 5732:tid 2008] [client ::1:62619] PHP Warning:  Undefined array key "id" in C:\\xampp\\htdocs\\kisallatok\\resources\\view\\index.view.php on line 30
[Sun Mar 20 22:42:47.845116 2022] [php:warn] [pid 5732:tid 2008] [client ::1:62619] PHP Warning:  Undefined array key "id" in C:\\xampp\\htdocs\\kisallatok\\resources\\view\\index.view.php on line 34
[Sun Mar 20 22:42:47.846119 2022] [php:warn] [pid 5732:tid 2008] [client ::1:62619] PHP Warning:  Undefined array key "id" in C:\\xampp\\htdocs\\kisallatok\\resources\\view\\index.view.php on line 30
[Sun Mar 20 22:42:47.846743 2022] [php:warn] [pid 5732:tid 2008] [client ::1:62619] PHP Warning:  Undefined array key "id" in C:\\xampp\\htdocs\\kisallatok\\resources\\view\\index.view.php on line 34
[Sun Mar 20 22:42:47.847737 2022] [php:warn] [pid 5732:tid 2008] [client ::1:62619] PHP Warning:  Undefined array key "id" in C:\\xampp\\htdocs\\kisallatok\\resources\\view\\index.view.php on line 30
[Sun Mar 20 22:42:47.848060 2022] [php:warn] [pid 5732:tid 2008] [client ::1:62619] PHP Warning:  Undefined array key "id" in C:\\xampp\\htdocs\\kisallatok\\resources\\view\\index.view.php on line 34
[Sun Mar 20 22:42:47.848060 2022] [php:warn] [pid 5732:tid 2008] [client ::1:62619] PHP Warning:  Undefined array key "id" in C:\\xampp\\htdocs\\kisallatok\\resources\\view\\index.view.php on line 30
[Sun Mar 20 22:42:47.848060 2022] [php:warn] [pid 5732:tid 2008] [client ::1:62619] PHP Warning:  Undefined array key "id" in C:\\xampp\\htdocs\\kisallatok\\resources\\view\\index.view.php on line 34
[Sun Mar 20 22:44:30.505051 2022] [php:warn] [pid 5732:tid 2008] [client ::1:62626] PHP Warning:  Undefined array key "id" in C:\\xampp\\htdocs\\kisallatok\\resources\\view\\index.view.php on line 30
[Sun Mar 20 22:44:30.505051 2022] [php:warn] [pid 5732:tid 2008] [client ::1:62626] PHP Warning:  Undefined array key "id" in C:\\xampp\\htdocs\\kisallatok\\resources\\view\\index.view.php on line 34
[Sun Mar 20 22:44:30.506111 2022] [php:warn] [pid 5732:tid 2008] [client ::1:62626] PHP Warning:  Undefined array key "id" in C:\\xampp\\htdocs\\kisallatok\\resources\\view\\index.view.php on line 30
[Sun Mar 20 22:44:30.506111 2022] [php:warn] [pid 5732:tid 2008] [client ::1:62626] PHP Warning:  Undefined array key "id" in C:\\xampp\\htdocs\\kisallatok\\resources\\view\\index.view.php on line 34
[Sun Mar 20 22:44:30.507087 2022] [php:warn] [pid 5732:tid 2008] [client ::1:62626] PHP Warning:  Undefined array key "id" in C:\\xampp\\htdocs\\kisallatok\\resources\\view\\index.view.php on line 30
[Sun Mar 20 22:44:30.507087 2022] [php:warn] [pid 5732:tid 2008] [client ::1:62626] PHP Warning:  Undefined array key "id" in C:\\xampp\\htdocs\\kisallatok\\resources\\view\\index.view.php on line 34
[Sun Mar 20 22:44:30.507087 2022] [php:warn] [pid 5732:tid 2008] [client ::1:62626] PHP Warning:  Undefined array key "id" in C:\\xampp\\htdocs\\kisallatok\\resources\\view\\index.view.php on line 30
[Sun Mar 20 22:44:30.508120 2022] [php:warn] [pid 5732:tid 2008] [client ::1:62626] PHP Warning:  Undefined array key "id" in C:\\xampp\\htdocs\\kisallatok\\resources\\view\\index.view.php on line 34
[Sun Mar 20 22:44:30.508120 2022] [php:warn] [pid 5732:tid 2008] [client ::1:62626] PHP Warning:  Undefined array key "id" in C:\\xampp\\htdocs\\kisallatok\\resources\\view\\index.view.php on line 30
[Sun Mar 20 22:44:30.508120 2022] [php:warn] [pid 5732:tid 2008] [client ::1:62626] PHP Warning:  Undefined array key "id" in C:\\xampp\\htdocs\\kisallatok\\resources\\view\\index.view.php on line 34
[Sun Mar 20 22:44:32.436726 2022] [php:warn] [pid 5732:tid 2008] [client ::1:62626] PHP Warning:  Undefined array key "id" in C:\\xampp\\htdocs\\kisallatok\\resources\\view\\index.view.php on line 30
[Sun Mar 20 22:44:32.437726 2022] [php:warn] [pid 5732:tid 2008] [client ::1:62626] PHP Warning:  Undefined array key "id" in C:\\xampp\\htdocs\\kisallatok\\resources\\view\\index.view.php on line 34
[Sun Mar 20 22:44:32.438221 2022] [php:warn] [pid 5732:tid 2008] [client ::1:62626] PHP Warning:  Undefined array key "id" in C:\\xampp\\htdocs\\kisallatok\\resources\\view\\index.view.php on line 30
[Sun Mar 20 22:44:32.438221 2022] [php:warn] [pid 5732:tid 2008] [client ::1:62626] PHP Warning:  Undefined array key "id" in C:\\xampp\\htdocs\\kisallatok\\resources\\view\\index.view.php on line 34
[Sun Mar 20 22:44:32.438221 2022] [php:warn] [pid 5732:tid 2008] [client ::1:62626] PHP Warning:  Undefined array key "id" in C:\\xampp\\htdocs\\kisallatok\\resources\\view\\index.view.php on line 30
[Sun Mar 20 22:44:32.439221 2022] [php:warn] [pid 5732:tid 2008] [client ::1:62626] PHP Warning:  Undefined array key "id" in C:\\xampp\\htdocs\\kisallatok\\resources\\view\\index.view.php on line 34
[Sun Mar 20 22:44:32.439221 2022] [php:warn] [pid 5732:tid 2008] [client ::1:62626] PHP Warning:  Undefined array key "id" in C:\\xampp\\htdocs\\kisallatok\\resources\\view\\index.view.php on line 30
[Sun Mar 20 22:44:32.439221 2022] [php:warn] [pid 5732:tid 2008] [client ::1:62626] PHP Warning:  Undefined array key "id" in C:\\xampp\\htdocs\\kisallatok\\resources\\view\\index.view.php on line 34
[Sun Mar 20 22:44:32.439221 2022] [php:warn] [pid 5732:tid 2008] [client ::1:62626] PHP Warning:  Undefined array key "id" in C:\\xampp\\htdocs\\kisallatok\\resources\\view\\index.view.php on line 30
[Sun Mar 20 22:44:32.440220 2022] [php:warn] [pid 5732:tid 2008] [client ::1:62626] PHP Warning:  Undefined array key "id" in C:\\xampp\\htdocs\\kisallatok\\resources\\view\\index.view.php on line 34
[Sun Mar 20 22:45:40.333571 2022] [php:warn] [pid 5732:tid 2008] [client ::1:62630] PHP Warning:  Undefined array key "id" in C:\\xampp\\htdocs\\kisallatok\\resources\\view\\index.view.php on line 32
[Sun Mar 20 22:45:40.333571 2022] [php:warn] [pid 5732:tid 2008] [client ::1:62630] PHP Warning:  Undefined array key "id" in C:\\xampp\\htdocs\\kisallatok\\resources\\view\\index.view.php on line 32
[Sun Mar 20 22:45:40.333571 2022] [php:warn] [pid 5732:tid 2008] [client ::1:62630] PHP Warning:  Undefined array key "id" in C:\\xampp\\htdocs\\kisallatok\\resources\\view\\index.view.php on line 32
[Sun Mar 20 22:45:40.333571 2022] [php:warn] [pid 5732:tid 2008] [client ::1:62630] PHP Warning:  Undefined array key "id" in C:\\xampp\\htdocs\\kisallatok\\resources\\view\\index.view.php on line 32
[Sun Mar 20 22:45:40.333571 2022] [php:warn] [pid 5732:tid 2008] [client ::1:62630] PHP Warning:  Undefined array key "id" in C:\\xampp\\htdocs\\kisallatok\\resources\\view\\index.view.php on line 32
[Sun Mar 20 22:47:30.179523 2022] [php:warn] [pid 5732:tid 2008] [client ::1:62633] PHP Warning:  Undefined array key "id" in C:\\xampp\\htdocs\\kisallatok\\resources\\view\\index.view.php on line 32
[Sun Mar 20 22:47:30.180826 2022] [php:warn] [pid 5732:tid 2008] [client ::1:62633] PHP Warning:  Undefined array key "id" in C:\\xampp\\htdocs\\kisallatok\\resources\\view\\index.view.php on line 32
[Sun Mar 20 22:47:30.180826 2022] [php:warn] [pid 5732:tid 2008] [client ::1:62633] PHP Warning:  Undefined array key "id" in C:\\xampp\\htdocs\\kisallatok\\resources\\view\\index.view.php on line 32
[Sun Mar 20 22:47:30.180826 2022] [php:warn] [pid 5732:tid 2008] [client ::1:62633] PHP Warning:  Undefined array key "id" in C:\\xampp\\htdocs\\kisallatok\\resources\\view\\index.view.php on line 32
[Sun Mar 20 22:47:30.180826 2022] [php:warn] [pid 5732:tid 2008] [client ::1:62633] PHP Warning:  Undefined array key "id" in C:\\xampp\\htdocs\\kisallatok\\resources\\view\\index.view.php on line 32
[Sun Mar 20 22:48:18.835084 2022] [php:warn] [pid 5732:tid 2008] [client ::1:62636] PHP Warning:  Undefined array key "id" in C:\\xampp\\htdocs\\kisallatok\\resources\\view\\index.view.php on line 32
[Sun Mar 20 22:48:18.835084 2022] [php:warn] [pid 5732:tid 2008] [client ::1:62636] PHP Warning:  Undefined array key "id" in C:\\xampp\\htdocs\\kisallatok\\resources\\view\\index.view.php on line 32
[Sun Mar 20 22:48:18.836080 2022] [php:warn] [pid 5732:tid 2008] [client ::1:62636] PHP Warning:  Undefined array key "id" in C:\\xampp\\htdocs\\kisallatok\\resources\\view\\index.view.php on line 32
[Sun Mar 20 22:48:18.836080 2022] [php:warn] [pid 5732:tid 2008] [client ::1:62636] PHP Warning:  Undefined array key "id" in C:\\xampp\\htdocs\\kisallatok\\resources\\view\\index.view.php on line 32
[Sun Mar 20 22:48:18.836080 2022] [php:warn] [pid 5732:tid 2008] [client ::1:62636] PHP Warning:  Undefined array key "id" in C:\\xampp\\htdocs\\kisallatok\\resources\\view\\index.view.php on line 32
[Mon Mar 21 09:08:47.207489 2022] [php:warn] [pid 8768:tid 1924] [client ::1:62834] PHP Warning:  Undefined array key "id" in C:\\xampp\\htdocs\\kisallatok\\resources\\view\\index.view.php on line 32
[Mon Mar 21 09:08:47.207489 2022] [php:warn] [pid 8768:tid 1924] [client ::1:62834] PHP Warning:  Undefined array key "id" in C:\\xampp\\htdocs\\kisallatok\\resources\\view\\index.view.php on line 32
[Mon Mar 21 09:08:47.207489 2022] [php:warn] [pid 8768:tid 1924] [client ::1:62834] PHP Warning:  Undefined array key "id" in C:\\xampp\\htdocs\\kisallatok\\resources\\view\\index.view.php on line 32
[Mon Mar 21 09:08:47.208304 2022] [php:warn] [pid 8768:tid 1924] [client ::1:62834] PHP Warning:  Undefined array key "id" in C:\\xampp\\htdocs\\kisallatok\\resources\\view\\index.view.php on line 32
[Mon Mar 21 09:08:47.208304 2022] [php:warn] [pid 8768:tid 1924] [client ::1:62834] PHP Warning:  Undefined array key "id" in C:\\xampp\\htdocs\\kisallatok\\resources\\view\\index.view.php on line 32
[Mon Mar 21 09:10:26.338376 2022] [php:warn] [pid 8768:tid 1924] [client ::1:62843] PHP Warning:  Undefined array key "id" in C:\\xampp\\htdocs\\kisallatok\\resources\\view\\index.view.php on line 32
[Mon Mar 21 09:10:26.338376 2022] [php:warn] [pid 8768:tid 1924] [client ::1:62843] PHP Warning:  Undefined array key "id" in C:\\xampp\\htdocs\\kisallatok\\resources\\view\\index.view.php on line 32
[Mon Mar 21 09:10:26.338376 2022] [php:warn] [pid 8768:tid 1924] [client ::1:62843] PHP Warning:  Undefined array key "id" in C:\\xampp\\htdocs\\kisallatok\\resources\\view\\index.view.php on line 32
[Mon Mar 21 09:10:26.338376 2022] [php:warn] [pid 8768:tid 1924] [client ::1:62843] PHP Warning:  Undefined array key "id" in C:\\xampp\\htdocs\\kisallatok\\resources\\view\\index.view.php on line 32
[Mon Mar 21 09:10:26.339374 2022] [php:warn] [pid 8768:tid 1924] [client ::1:62843] PHP Warning:  Undefined array key "id" in C:\\xampp\\htdocs\\kisallatok\\resources\\view\\index.view.php on line 32
[Mon Mar 21 09:16:34.880269 2022] [php:warn] [pid 8768:tid 1924] [client ::1:62864] PHP Warning:  Undefined array key "id" in C:\\xampp\\htdocs\\kisallatok\\resources\\view\\index.view.php on line 32
[Mon Mar 21 09:16:34.880269 2022] [php:warn] [pid 8768:tid 1924] [client ::1:62864] PHP Warning:  Undefined array key "id" in C:\\xampp\\htdocs\\kisallatok\\resources\\view\\index.view.php on line 32
[Mon Mar 21 09:16:34.881091 2022] [php:warn] [pid 8768:tid 1924] [client ::1:62864] PHP Warning:  Undefined array key "id" in C:\\xampp\\htdocs\\kisallatok\\resources\\view\\index.view.php on line 32
[Mon Mar 21 09:16:34.882015 2022] [php:warn] [pid 8768:tid 1924] [client ::1:62864] PHP Warning:  Undefined array key "id" in C:\\xampp\\htdocs\\kisallatok\\resources\\view\\index.view.php on line 32
[Mon Mar 21 09:16:34.882015 2022] [php:warn] [pid 8768:tid 1924] [client ::1:62864] PHP Warning:  Undefined array key "id" in C:\\xampp\\htdocs\\kisallatok\\resources\\view\\index.view.php on line 32
[Mon Mar 21 09:16:42.907076 2022] [php:warn] [pid 8768:tid 1924] [client ::1:62866] PHP Warning:  Undefined array key "id" in C:\\xampp\\htdocs\\kisallatok\\resources\\view\\index.view.php on line 32
[Mon Mar 21 09:16:42.907076 2022] [php:warn] [pid 8768:tid 1924] [client ::1:62866] PHP Warning:  Undefined array key "id" in C:\\xampp\\htdocs\\kisallatok\\resources\\view\\index.view.php on line 32
[Mon Mar 21 09:16:42.907076 2022] [php:warn] [pid 8768:tid 1924] [client ::1:62866] PHP Warning:  Undefined array key "id" in C:\\xampp\\htdocs\\kisallatok\\resources\\view\\index.view.php on line 32
[Mon Mar 21 09:16:42.908105 2022] [php:warn] [pid 8768:tid 1924] [client ::1:62866] PHP Warning:  Undefined array key "id" in C:\\xampp\\htdocs\\kisallatok\\resources\\view\\index.view.php on line 32
[Mon Mar 21 09:16:42.908105 2022] [php:warn] [pid 8768:tid 1924] [client ::1:62866] PHP Warning:  Undefined array key "id" in C:\\xampp\\htdocs\\kisallatok\\resources\\view\\index.view.php on line 32
[Mon Mar 21 09:19:30.239583 2022] [php:warn] [pid 8768:tid 1924] [client ::1:62877] PHP Warning:  Undefined array key "id" in C:\\xampp\\htdocs\\kisallatok\\app\\controller\\PetsController.php on line 57, referer: http://localhost:8002/
[Mon Mar 21 09:22:26.914565 2022] [php:warn] [pid 8768:tid 1924] [client ::1:62879] PHP Warning:  Undefined array key "id" in C:\\xampp\\htdocs\\kisallatok\\app\\controller\\PetsController.php on line 57, referer: http://localhost:8002/
[Mon Mar 21 09:23:16.023146 2022] [php:warn] [pid 8768:tid 1924] [client ::1:62889] PHP Warning:  Undefined array key "name" in C:\\xampp\\htdocs\\kisallatok\\app\\controller\\PetsController.php on line 57, referer: http://localhost:8002/
[Mon Mar 21 09:30:07.000246 2022] [php:warn] [pid 8768:tid 1924] [client ::1:62896] PHP Warning:  Undefined array key "id" in C:\\xampp\\htdocs\\kisallatok\\app\\controller\\PetsController.php on line 57, referer: http://localhost:8002/
[Thu Mar 24 11:35:41.657651 2022] [php:warn] [pid 17576:tid 1988] [client ::1:62224] PHP Warning:  Array to string conversion in C:\\xampp\\htdocs\\kisallatok\\resources\\view\\index.view.php on line 13
[Thu Mar 24 11:46:11.876990 2022] [php:warn] [pid 17576:tid 1988] [client ::1:62230] PHP Warning:  Array to string conversion in C:\\xampp\\htdocs\\kisallatok\\resources\\view\\index.view.php on line 13
[Thu Mar 24 11:46:25.319283 2022] [php:warn] [pid 17576:tid 1988] [client ::1:62232] PHP Warning:  Array to string conversion in C:\\xampp\\htdocs\\kisallatok\\resources\\view\\index.view.php on line 13
[Thu Mar 24 11:55:52.243006 2022] [php:error] [pid 17576:tid 1988] [client ::1:62291] PHP Fatal error:  Uncaught Error: Object of class PDOStatement could not be converted to string in C:\\xampp\\htdocs\\kisallatok\\resources\\view\\index.view.php:13\nStack trace:\n#0 C:\\xampp\\htdocs\\kisallatok\\app\\View.php(51): include()\n#1 C:\\xampp\\htdocs\\kisallatok\\app\\View.php(57): App\\View->render()\n#2 C:\\xampp\\htdocs\\kisallatok\\public\\index.php(42): App\\View->__toString()\n#3 {main}\n  thrown in C:\\xampp\\htdocs\\kisallatok\\resources\\view\\index.view.php on line 13
[Thu Mar 24 11:59:33.226033 2022] [php:error] [pid 17576:tid 1988] [client ::1:62297] PHP Fatal error:  Uncaught Error: Class "Pet" not found in C:\\xampp\\htdocs\\kisallatok\\resources\\view\\index.view.php:13\nStack trace:\n#0 C:\\xampp\\htdocs\\kisallatok\\app\\View.php(51): include()\n#1 C:\\xampp\\htdocs\\kisallatok\\app\\View.php(57): App\\View->render()\n#2 C:\\xampp\\htdocs\\kisallatok\\public\\index.php(42): App\\View->__toString()\n#3 {main}\n  thrown in C:\\xampp\\htdocs\\kisallatok\\resources\\view\\index.view.php on line 13
[Thu Mar 24 12:07:19.258250 2022] [php:error] [pid 17576:tid 1988] [client ::1:62340] PHP Fatal error:  Uncaught Error: Object of class PDOStatement could not be converted to string in C:\\xampp\\htdocs\\kisallatok\\resources\\view\\index.view.php:14\nStack trace:\n#0 C:\\xampp\\htdocs\\kisallatok\\app\\View.php(51): include()\n#1 C:\\xampp\\htdocs\\kisallatok\\app\\View.php(57): App\\View->render()\n#2 C:\\xampp\\htdocs\\kisallatok\\public\\index.php(42): App\\View->__toString()\n#3 {main}\n  thrown in C:\\xampp\\htdocs\\kisallatok\\resources\\view\\index.view.php on line 14
[Thu Mar 24 12:08:37.650182 2022] [php:warn] [pid 17576:tid 1988] [client ::1:62352] PHP Warning:  Array to string conversion in C:\\xampp\\htdocs\\kisallatok\\resources\\view\\index.view.php on line 14
[Thu Mar 24 12:13:11.092933 2022] [php:warn] [pid 17576:tid 1988] [client ::1:62373] PHP Warning:  Undefined array key 1 in C:\\xampp\\htdocs\\kisallatok\\resources\\view\\index.view.php on line 14
[Thu Mar 24 12:17:30.229320 2022] [php:warn] [pid 17576:tid 1988] [client ::1:62381] PHP Warning:  Undefined array key 0 in C:\\xampp\\htdocs\\kisallatok\\resources\\view\\index.view.php on line 14
[Thu Mar 24 12:17:30.229320 2022] [php:warn] [pid 17576:tid 1988] [client ::1:62381] PHP Warning:  Trying to access array offset on value of type null in C:\\xampp\\htdocs\\kisallatok\\resources\\view\\index.view.php on line 14
[Thu Mar 24 12:17:59.433658 2022] [php:warn] [pid 17576:tid 1988] [client ::1:62383] PHP Warning:  Undefined array key 0 in C:\\xampp\\htdocs\\kisallatok\\resources\\view\\index.view.php on line 14
[Thu Mar 24 12:17:59.433658 2022] [php:warn] [pid 17576:tid 1988] [client ::1:62383] PHP Warning:  Trying to access array offset on value of type null in C:\\xampp\\htdocs\\kisallatok\\resources\\view\\index.view.php on line 14
